2023-03-04 06:22:26,807 INFO  [restartedMain] com.safeandfast.SafeandfastApplication:Starting SafeandfastApplication using Java 11.0.15 on LAPTOP-SOQC5GV5 with PID 1356 (C:\Users\Muhammed Fatih\Desktop\java\Back End Project (2)\safeandfast\target\classes started by Muhammed Fatih in C:\Users\Muhammed Fatih\Desktop\java\Back End Project (2)\safeandfast)
2023-03-04 06:22:26,819 DEBUG [restartedMain] com.safeandfast.SafeandfastApplication:Running with Spring Boot v2.7.4, Spring v5.3.23
2023-03-04 06:22:26,822 INFO  [restartedMain] com.safeandfast.SafeandfastApplication:No active profile set, falling back to 1 default profile: "default"
2023-03-04 06:22:27,000 INFO  [restartedMain] org.springframework.boot.devtools.env.DevToolsPropertyDefaultsPostProcessor:Devtools property defaults active! Set 'spring.devtools.add-properties' to 'false' to disable
2023-03-04 06:22:27,001 INFO  [restartedMain] org.springframework.boot.devtools.env.DevToolsPropertyDefaultsPostProcessor:For additional web related logging consider setting the 'logging.level.web' property to 'DEBUG'
2023-03-04 06:22:30,687 INFO  [restartedMain] org.springframework.data.repository.config.RepositoryConfigurationDelegate:Bootstrapping Spring Data JPA repositories in DEFAULT mode.
2023-03-04 06:22:31,107 INFO  [restartedMain] org.springframework.data.repository.config.RepositoryConfigurationDelegate:Finished Spring Data repository scanning in 395 ms. Found 6 JPA repository interfaces.
2023-03-04 06:22:32,921 INFO  [restartedMain] org.springframework.boot.web.embedded.tomcat.TomcatWebServer:Tomcat initialized with port(s): 8080 (http)
2023-03-04 06:22:32,947 INFO  [restartedMain] org.apache.catalina.core.StandardService:Starting service [Tomcat]
2023-03-04 06:22:33,069 INFO  [restartedMain] org.apache.catalina.core.StandardEngine:Starting Servlet engine: [Apache Tomcat/9.0.65]
2023-03-04 06:22:33,650 INFO  [restartedMain] org.apache.catalina.core.ContainerBase.[Tomcat].[localhost].[/]:Initializing Spring embedded WebApplicationContext
2023-03-04 06:22:33,651 INFO  [restartedMain] org.springframework.boot.web.servlet.context.ServletWebServerApplicationContext:Root WebApplicationContext: initialization completed in 6649 ms
2023-03-04 06:22:34,503 INFO  [restartedMain] org.hibernate.jpa.internal.util.LogHelper:HHH000204: Processing PersistenceUnitInfo [name: default]
2023-03-04 06:22:34,661 INFO  [restartedMain] org.hibernate.Version:HHH000412: Hibernate ORM core version 5.6.11.Final
2023-03-04 06:22:35,143 INFO  [restartedMain] org.hibernate.annotations.common.Version:HCANN000001: Hibernate Commons Annotations {5.1.2.Final}
2023-03-04 06:22:35,427 INFO  [restartedMain] com.zaxxer.hikari.HikariDataSource:HikariPool-1 - Starting...
2023-03-04 06:22:35,972 INFO  [restartedMain] com.zaxxer.hikari.HikariDataSource:HikariPool-1 - Start completed.
2023-03-04 06:22:36,052 INFO  [restartedMain] org.hibernate.dialect.Dialect:HHH000400: Using dialect: org.hibernate.dialect.PostgreSQL9Dialect
2023-03-04 06:22:38,807 INFO  [restartedMain] org.hibernate.engine.transaction.jta.platform.internal.JtaPlatformInitiator:HHH000490: Using JtaPlatform implementation: [org.hibernate.engine.transaction.jta.platform.internal.NoJtaPlatform]
2023-03-04 06:22:38,833 INFO  [restartedMain] org.springframework.orm.jpa.LocalContainerEntityManagerFactoryBean:Initialized JPA EntityManagerFactory for persistence unit 'default'
2023-03-04 06:22:40,260 DEBUG [restartedMain] com.safeandfast.security.jwt.AuthTokenFilter:Filter 'authTokenFilter' configured for use
2023-03-04 06:22:41,285 INFO  [restartedMain] org.springframework.security.web.DefaultSecurityFilterChain:Will secure any request with [org.springframework.security.web.session.DisableEncodeUrlFilter@40f52b29, org.springframework.security.web.context.request.async.WebAsyncManagerIntegrationFilter@62d25eba, org.springframework.security.web.context.SecurityContextPersistenceFilter@5b9c2c77, org.springframework.security.web.header.HeaderWriterFilter@52712830, org.springframework.security.web.authentication.logout.LogoutFilter@591e5c50, com.safeandfast.security.jwt.AuthTokenFilter@3cd44bb, org.springframework.security.web.savedrequest.RequestCacheAwareFilter@2c91d998, org.springframework.security.web.servletapi.SecurityContextHolderAwareRequestFilter@337e593f, org.springframework.security.web.authentication.AnonymousAuthenticationFilter@19cecdb6, org.springframework.security.web.session.SessionManagementFilter@48e9559b, org.springframework.security.web.access.ExceptionTranslationFilter@351bc9e4, org.springframework.security.web.access.intercept.FilterSecurityInterceptor@1c336149]
2023-03-04 06:22:41,606 WARN  [restartedMain] org.springframework.boot.autoconfigure.orm.jpa.JpaBaseConfiguration$JpaWebConfiguration:spring.jpa.open-in-view is enabled by default. Therefore, database queries may be performed during view rendering. Explicitly configure spring.jpa.open-in-view to disable this warning
2023-03-04 06:22:45,634 INFO  [restartedMain] org.springframework.boot.devtools.autoconfigure.OptionalLiveReloadServer:LiveReload server is running on port 35729
2023-03-04 06:22:45,652 INFO  [restartedMain] org.springframework.boot.actuate.endpoint.web.EndpointLinksResolver:Exposing 15 endpoint(s) beneath base path '/actuator'
2023-03-04 06:22:45,892 WARN  [restartedMain] org.springframework.boot.web.servlet.context.AnnotationConfigServletWebServerApplicationContext:Exception encountered during context initialization - cancelling refresh attempt: org.springframework.context.ApplicationContextException: Failed to start bean 'webServerStartStop'; nested exception is org.springframework.boot.web.server.PortInUseException: Port 8080 is already in use
2023-03-04 06:22:45,987 INFO  [restartedMain] org.springframework.orm.jpa.LocalContainerEntityManagerFactoryBean:Closing JPA EntityManagerFactory for persistence unit 'default'
2023-03-04 06:22:46,015 INFO  [restartedMain] com.zaxxer.hikari.HikariDataSource:HikariPool-1 - Shutdown initiated...
2023-03-04 06:22:46,064 INFO  [restartedMain] com.zaxxer.hikari.HikariDataSource:HikariPool-1 - Shutdown completed.
2023-03-04 06:22:46,070 INFO  [restartedMain] org.apache.catalina.core.StandardService:Stopping service [Tomcat]
2023-03-04 06:22:46,145 INFO  [restartedMain] org.springframework.boot.autoconfigure.logging.ConditionEvaluationReportLoggingListener:

Error starting ApplicationContext. To display the conditions report re-run your application with 'debug' enabled.
2023-03-04 06:22:46,262 ERROR [restartedMain] org.springframework.boot.diagnostics.LoggingFailureAnalysisReporter:

***************************
APPLICATION FAILED TO START
***************************

Description:

Web server failed to start. Port 8080 was already in use.

Action:

Identify and stop the process that's listening on port 8080 or configure this application to listen on another port.

2023-03-04 06:28:05,993 INFO  [restartedMain] com.safeandfast.SafeandfastApplication:Starting SafeandfastApplication using Java 11.0.15 on LAPTOP-SOQC5GV5 with PID 23432 (C:\Users\Muhammed Fatih\Desktop\java\Back End Project (2)\safeandfast\target\classes started by Muhammed Fatih in C:\Users\Muhammed Fatih\Desktop\java\Back End Project (2)\safeandfast)
2023-03-04 06:28:05,995 DEBUG [restartedMain] com.safeandfast.SafeandfastApplication:Running with Spring Boot v2.7.4, Spring v5.3.23
2023-03-04 06:28:05,996 INFO  [restartedMain] com.safeandfast.SafeandfastApplication:No active profile set, falling back to 1 default profile: "default"
2023-03-04 06:28:06,115 INFO  [restartedMain] org.springframework.boot.devtools.env.DevToolsPropertyDefaultsPostProcessor:Devtools property defaults active! Set 'spring.devtools.add-properties' to 'false' to disable
2023-03-04 06:28:06,116 INFO  [restartedMain] org.springframework.boot.devtools.env.DevToolsPropertyDefaultsPostProcessor:For additional web related logging consider setting the 'logging.level.web' property to 'DEBUG'
2023-03-04 06:28:08,898 INFO  [restartedMain] org.springframework.data.repository.config.RepositoryConfigurationDelegate:Bootstrapping Spring Data JPA repositories in DEFAULT mode.
2023-03-04 06:28:09,074 INFO  [restartedMain] org.springframework.data.repository.config.RepositoryConfigurationDelegate:Finished Spring Data repository scanning in 161 ms. Found 6 JPA repository interfaces.
2023-03-04 06:28:10,273 INFO  [restartedMain] org.springframework.boot.web.embedded.tomcat.TomcatWebServer:Tomcat initialized with port(s): 8080 (http)
2023-03-04 06:28:10,290 INFO  [restartedMain] org.apache.catalina.core.StandardService:Starting service [Tomcat]
2023-03-04 06:28:10,291 INFO  [restartedMain] org.apache.catalina.core.StandardEngine:Starting Servlet engine: [Apache Tomcat/9.0.65]
2023-03-04 06:28:10,666 INFO  [restartedMain] org.apache.catalina.core.ContainerBase.[Tomcat].[localhost].[/]:Initializing Spring embedded WebApplicationContext
2023-03-04 06:28:10,667 INFO  [restartedMain] org.springframework.boot.web.servlet.context.ServletWebServerApplicationContext:Root WebApplicationContext: initialization completed in 4550 ms
2023-03-04 06:28:11,137 INFO  [restartedMain] org.hibernate.jpa.internal.util.LogHelper:HHH000204: Processing PersistenceUnitInfo [name: default]
2023-03-04 06:28:11,245 INFO  [restartedMain] org.hibernate.Version:HHH000412: Hibernate ORM core version 5.6.11.Final
2023-03-04 06:28:11,548 INFO  [restartedMain] org.hibernate.annotations.common.Version:HCANN000001: Hibernate Commons Annotations {5.1.2.Final}
2023-03-04 06:28:11,732 INFO  [restartedMain] com.zaxxer.hikari.HikariDataSource:HikariPool-1 - Starting...
2023-03-04 06:28:12,056 INFO  [restartedMain] com.zaxxer.hikari.HikariDataSource:HikariPool-1 - Start completed.
2023-03-04 06:28:12,081 INFO  [restartedMain] org.hibernate.dialect.Dialect:HHH000400: Using dialect: org.hibernate.dialect.PostgreSQL9Dialect
2023-03-04 06:28:13,909 INFO  [restartedMain] org.hibernate.engine.transaction.jta.platform.internal.JtaPlatformInitiator:HHH000490: Using JtaPlatform implementation: [org.hibernate.engine.transaction.jta.platform.internal.NoJtaPlatform]
2023-03-04 06:28:13,924 INFO  [restartedMain] org.springframework.orm.jpa.LocalContainerEntityManagerFactoryBean:Initialized JPA EntityManagerFactory for persistence unit 'default'
2023-03-04 06:28:14,705 DEBUG [restartedMain] com.safeandfast.security.jwt.AuthTokenFilter:Filter 'authTokenFilter' configured for use
2023-03-04 06:28:15,325 INFO  [restartedMain] org.springframework.security.web.DefaultSecurityFilterChain:Will secure any request with [org.springframework.security.web.session.DisableEncodeUrlFilter@7f42e660, org.springframework.security.web.context.request.async.WebAsyncManagerIntegrationFilter@2bac4eeb, org.springframework.security.web.context.SecurityContextPersistenceFilter@488ed743, org.springframework.security.web.header.HeaderWriterFilter@49288606, org.springframework.security.web.authentication.logout.LogoutFilter@2056f4e7, com.safeandfast.security.jwt.AuthTokenFilter@59ea7f3a, org.springframework.security.web.savedrequest.RequestCacheAwareFilter@57b329b0, org.springframework.security.web.servletapi.SecurityContextHolderAwareRequestFilter@7e477af9, org.springframework.security.web.authentication.AnonymousAuthenticationFilter@5bfbd198, org.springframework.security.web.session.SessionManagementFilter@5d3c78e6, org.springframework.security.web.access.ExceptionTranslationFilter@a781fbf, org.springframework.security.web.access.intercept.FilterSecurityInterceptor@8456c8b]
2023-03-04 06:28:15,591 WARN  [restartedMain] org.springframework.boot.autoconfigure.orm.jpa.JpaBaseConfiguration$JpaWebConfiguration:spring.jpa.open-in-view is enabled by default. Therefore, database queries may be performed during view rendering. Explicitly configure spring.jpa.open-in-view to disable this warning
2023-03-04 06:28:17,832 INFO  [restartedMain] org.springframework.boot.devtools.autoconfigure.OptionalLiveReloadServer:LiveReload server is running on port 35729
2023-03-04 06:28:17,845 INFO  [restartedMain] org.springframework.boot.actuate.endpoint.web.EndpointLinksResolver:Exposing 15 endpoint(s) beneath base path '/actuator'
2023-03-04 06:28:17,946 INFO  [restartedMain] org.springframework.boot.web.embedded.tomcat.TomcatWebServer:Tomcat started on port(s): 8080 (http) with context path ''
2023-03-04 06:28:17,974 INFO  [restartedMain] com.safeandfast.SafeandfastApplication:Started SafeandfastApplication in 13.082 seconds (JVM running for 16.012)
2023-03-04 06:28:19,191 INFO  [RMI TCP Connection(2)-192.168.1.35] org.apache.catalina.core.ContainerBase.[Tomcat].[localhost].[/]:Initializing Spring DispatcherServlet 'dispatcherServlet'
2023-03-04 07:03:27,887 INFO  [SpringApplicationShutdownHook] org.springframework.orm.jpa.LocalContainerEntityManagerFactoryBean:Closing JPA EntityManagerFactory for persistence unit 'default'
2023-03-04 07:03:28,007 INFO  [SpringApplicationShutdownHook] com.zaxxer.hikari.HikariDataSource:HikariPool-1 - Shutdown initiated...
2023-03-04 07:03:28,035 INFO  [SpringApplicationShutdownHook] com.zaxxer.hikari.HikariDataSource:HikariPool-1 - Shutdown completed.
2023-03-04 07:03:57,062 INFO  [restartedMain] com.safeandfast.SafeandfastApplication:Starting SafeandfastApplication using Java 11.0.15 on LAPTOP-SOQC5GV5 with PID 34764 (C:\Users\Muhammed Fatih\Desktop\java\Back End Project (2)\safeandfast\target\classes started by Muhammed Fatih in C:\Users\Muhammed Fatih\Desktop\java\Back End Project (2)\safeandfast)
2023-03-04 07:03:57,064 DEBUG [restartedMain] com.safeandfast.SafeandfastApplication:Running with Spring Boot v2.7.4, Spring v5.3.23
2023-03-04 07:03:57,065 INFO  [restartedMain] com.safeandfast.SafeandfastApplication:No active profile set, falling back to 1 default profile: "default"
2023-03-04 07:03:57,194 INFO  [restartedMain] org.springframework.boot.devtools.env.DevToolsPropertyDefaultsPostProcessor:Devtools property defaults active! Set 'spring.devtools.add-properties' to 'false' to disable
2023-03-04 07:03:57,195 INFO  [restartedMain] org.springframework.boot.devtools.env.DevToolsPropertyDefaultsPostProcessor:For additional web related logging consider setting the 'logging.level.web' property to 'DEBUG'
2023-03-04 07:04:00,776 INFO  [restartedMain] org.springframework.data.repository.config.RepositoryConfigurationDelegate:Bootstrapping Spring Data JPA repositories in DEFAULT mode.
2023-03-04 07:04:00,962 INFO  [restartedMain] org.springframework.data.repository.config.RepositoryConfigurationDelegate:Finished Spring Data repository scanning in 169 ms. Found 6 JPA repository interfaces.
2023-03-04 07:04:02,367 INFO  [restartedMain] org.springframework.boot.web.embedded.tomcat.TomcatWebServer:Tomcat initialized with port(s): 8080 (http)
2023-03-04 07:04:02,388 INFO  [restartedMain] org.apache.catalina.core.StandardService:Starting service [Tomcat]
2023-03-04 07:04:02,388 INFO  [restartedMain] org.apache.catalina.core.StandardEngine:Starting Servlet engine: [Apache Tomcat/9.0.65]
2023-03-04 07:04:02,624 INFO  [restartedMain] org.apache.catalina.core.ContainerBase.[Tomcat].[localhost].[/]:Initializing Spring embedded WebApplicationContext
2023-03-04 07:04:02,624 INFO  [restartedMain] org.springframework.boot.web.servlet.context.ServletWebServerApplicationContext:Root WebApplicationContext: initialization completed in 5426 ms
2023-03-04 07:04:03,061 INFO  [restartedMain] org.hibernate.jpa.internal.util.LogHelper:HHH000204: Processing PersistenceUnitInfo [name: default]
2023-03-04 07:04:03,161 INFO  [restartedMain] org.hibernate.Version:HHH000412: Hibernate ORM core version 5.6.11.Final
2023-03-04 07:04:03,498 INFO  [restartedMain] org.hibernate.annotations.common.Version:HCANN000001: Hibernate Commons Annotations {5.1.2.Final}
2023-03-04 07:04:03,678 INFO  [restartedMain] com.zaxxer.hikari.HikariDataSource:HikariPool-1 - Starting...
2023-03-04 07:04:03,963 INFO  [restartedMain] com.zaxxer.hikari.HikariDataSource:HikariPool-1 - Start completed.
2023-03-04 07:04:03,993 INFO  [restartedMain] org.hibernate.dialect.Dialect:HHH000400: Using dialect: org.hibernate.dialect.PostgreSQL9Dialect
2023-03-04 07:04:05,815 INFO  [restartedMain] org.hibernate.engine.transaction.jta.platform.internal.JtaPlatformInitiator:HHH000490: Using JtaPlatform implementation: [org.hibernate.engine.transaction.jta.platform.internal.NoJtaPlatform]
2023-03-04 07:04:05,831 INFO  [restartedMain] org.springframework.orm.jpa.LocalContainerEntityManagerFactoryBean:Initialized JPA EntityManagerFactory for persistence unit 'default'
2023-03-04 07:04:06,492 ERROR [restartedMain] org.springframework.boot.web.embedded.tomcat.TomcatStarter:Error starting Tomcat context. Exception: org.springframework.beans.factory.UnsatisfiedDependencyException. Message: Error creating bean with name 'securityConfig': Unsatisfied dependency expressed through field 'userDetailsService'; nested exception is org.springframework.beans.factory.UnsatisfiedDependencyException: Error creating bean with name 'userDetailsServiceImpl': Unsatisfied dependency expressed through field 'userService'; nested exception is org.springframework.beans.factory.UnsatisfiedDependencyException: Error creating bean with name 'userService': Unsatisfied dependency expressed through field 'passwordEncoder'; nested exception is org.springframework.beans.factory.BeanCurrentlyInCreationException: Error creating bean with name 'securityConfig': Requested bean is currently in creation: Is there an unresolvable circular reference?
2023-03-04 07:04:06,532 INFO  [restartedMain] org.apache.catalina.core.StandardService:Stopping service [Tomcat]
2023-03-04 07:04:06,546 WARN  [restartedMain] org.apache.catalina.loader.WebappClassLoaderBase:The web application [ROOT] appears to have started a thread named [HikariPool-1 housekeeper] but has failed to stop it. This is very likely to create a memory leak. Stack trace of thread:
 java.base@11.0.15/jdk.internal.misc.Unsafe.park(Native Method)
 java.base@11.0.15/java.util.concurrent.locks.LockSupport.parkNanos(LockSupport.java:234)
 java.base@11.0.15/java.util.concurrent.locks.AbstractQueuedSynchronizer$ConditionObject.awaitNanos(AbstractQueuedSynchronizer.java:2123)
 java.base@11.0.15/java.util.concurrent.ScheduledThreadPoolExecutor$DelayedWorkQueue.take(ScheduledThreadPoolExecutor.java:1182)
 java.base@11.0.15/java.util.concurrent.ScheduledThreadPoolExecutor$DelayedWorkQueue.take(ScheduledThreadPoolExecutor.java:899)
 java.base@11.0.15/java.util.concurrent.ThreadPoolExecutor.getTask(ThreadPoolExecutor.java:1054)
 java.base@11.0.15/java.util.concurrent.ThreadPoolExecutor.runWorker(ThreadPoolExecutor.java:1114)
 java.base@11.0.15/java.util.concurrent.ThreadPoolExecutor$Worker.run(ThreadPoolExecutor.java:628)
 java.base@11.0.15/java.lang.Thread.run(Thread.java:834)
2023-03-04 07:04:06,547 WARN  [restartedMain] org.apache.catalina.loader.WebappClassLoaderBase:The web application [ROOT] appears to have started a thread named [HikariPool-1 connection adder] but has failed to stop it. This is very likely to create a memory leak. Stack trace of thread:
 java.base@11.0.15/jdk.internal.misc.Unsafe.park(Native Method)
 java.base@11.0.15/java.util.concurrent.locks.LockSupport.parkNanos(LockSupport.java:234)
 java.base@11.0.15/java.util.concurrent.locks.AbstractQueuedSynchronizer$ConditionObject.awaitNanos(AbstractQueuedSynchronizer.java:2123)
 java.base@11.0.15/java.util.concurrent.LinkedBlockingQueue.poll(LinkedBlockingQueue.java:458)
 java.base@11.0.15/java.util.concurrent.ThreadPoolExecutor.getTask(ThreadPoolExecutor.java:1053)
 java.base@11.0.15/java.util.concurrent.ThreadPoolExecutor.runWorker(ThreadPoolExecutor.java:1114)
 java.base@11.0.15/java.util.concurrent.ThreadPoolExecutor$Worker.run(ThreadPoolExecutor.java:628)
 java.base@11.0.15/java.lang.Thread.run(Thread.java:834)
2023-03-04 07:04:06,553 WARN  [restartedMain] org.springframework.boot.web.servlet.context.AnnotationConfigServletWebServerApplicationContext:Exception encountered during context initialization - cancelling refresh attempt: org.springframework.context.ApplicationContextException: Unable to start web server; nested exception is org.springframework.boot.web.server.WebServerException: Unable to start embedded Tomcat
2023-03-04 07:04:06,554 INFO  [restartedMain] org.springframework.orm.jpa.LocalContainerEntityManagerFactoryBean:Closing JPA EntityManagerFactory for persistence unit 'default'
2023-03-04 07:04:06,560 INFO  [restartedMain] com.zaxxer.hikari.HikariDataSource:HikariPool-1 - Shutdown initiated...
2023-03-04 07:04:06,577 INFO  [restartedMain] com.zaxxer.hikari.HikariDataSource:HikariPool-1 - Shutdown completed.
2023-03-04 07:04:06,613 INFO  [restartedMain] org.springframework.boot.autoconfigure.logging.ConditionEvaluationReportLoggingListener:

Error starting ApplicationContext. To display the conditions report re-run your application with 'debug' enabled.
2023-03-04 07:04:06,649 ERROR [restartedMain] org.springframework.boot.diagnostics.LoggingFailureAnalysisReporter:

***************************
APPLICATION FAILED TO START
***************************

Description:

The dependencies of some of the beans in the application context form a cycle:

┌─────┐
|  securityConfig (field private org.springframework.security.core.userdetails.UserDetailsService com.safeandfast.security.SecurityConfig.userDetailsService)
↑     ↓
|  userDetailsServiceImpl (field private com.safeandfast.service.UserService com.safeandfast.security.service.UserDetailsServiceImpl.userService)
↑     ↓
|  userService (field private org.springframework.security.crypto.password.PasswordEncoder com.safeandfast.service.UserService.passwordEncoder)
└─────┘


Action:

Relying upon circular references is discouraged and they are prohibited by default. Update your application to remove the dependency cycle between beans. As a last resort, it may be possible to break the cycle automatically by setting spring.main.allow-circular-references to true.

2023-03-04 07:19:51,824 INFO  [restartedMain] com.safeandfast.SafeandfastApplication:Starting SafeandfastApplication using Java 11.0.15 on LAPTOP-SOQC5GV5 with PID 16164 (C:\Users\Muhammed Fatih\Desktop\java\Back End Project (2)\safeandfast\target\classes started by Muhammed Fatih in C:\Users\Muhammed Fatih\Desktop\java\Back End Project (2)\safeandfast)
2023-03-04 07:19:51,825 DEBUG [restartedMain] com.safeandfast.SafeandfastApplication:Running with Spring Boot v2.7.4, Spring v5.3.23
2023-03-04 07:19:51,826 INFO  [restartedMain] com.safeandfast.SafeandfastApplication:No active profile set, falling back to 1 default profile: "default"
2023-03-04 07:19:51,988 INFO  [restartedMain] org.springframework.boot.devtools.env.DevToolsPropertyDefaultsPostProcessor:Devtools property defaults active! Set 'spring.devtools.add-properties' to 'false' to disable
2023-03-04 07:19:51,989 INFO  [restartedMain] org.springframework.boot.devtools.env.DevToolsPropertyDefaultsPostProcessor:For additional web related logging consider setting the 'logging.level.web' property to 'DEBUG'
2023-03-04 07:19:56,355 INFO  [restartedMain] org.springframework.data.repository.config.RepositoryConfigurationDelegate:Bootstrapping Spring Data JPA repositories in DEFAULT mode.
2023-03-04 07:19:56,706 INFO  [restartedMain] org.springframework.data.repository.config.RepositoryConfigurationDelegate:Finished Spring Data repository scanning in 316 ms. Found 6 JPA repository interfaces.
2023-03-04 07:19:58,813 INFO  [restartedMain] org.springframework.boot.web.embedded.tomcat.TomcatWebServer:Tomcat initialized with port(s): 8080 (http)
2023-03-04 07:19:58,839 INFO  [restartedMain] org.apache.catalina.core.StandardService:Starting service [Tomcat]
2023-03-04 07:19:58,839 INFO  [restartedMain] org.apache.catalina.core.StandardEngine:Starting Servlet engine: [Apache Tomcat/9.0.65]
2023-03-04 07:19:59,086 INFO  [restartedMain] org.apache.catalina.core.ContainerBase.[Tomcat].[localhost].[/]:Initializing Spring embedded WebApplicationContext
2023-03-04 07:19:59,087 INFO  [restartedMain] org.springframework.boot.web.servlet.context.ServletWebServerApplicationContext:Root WebApplicationContext: initialization completed in 7097 ms
2023-03-04 07:19:59,553 INFO  [restartedMain] org.hibernate.jpa.internal.util.LogHelper:HHH000204: Processing PersistenceUnitInfo [name: default]
2023-03-04 07:19:59,670 INFO  [restartedMain] org.hibernate.Version:HHH000412: Hibernate ORM core version 5.6.11.Final
2023-03-04 07:19:59,932 INFO  [restartedMain] org.hibernate.annotations.common.Version:HCANN000001: Hibernate Commons Annotations {5.1.2.Final}
2023-03-04 07:20:00,132 INFO  [restartedMain] com.zaxxer.hikari.HikariDataSource:HikariPool-1 - Starting...
2023-03-04 07:20:00,462 INFO  [restartedMain] com.zaxxer.hikari.HikariDataSource:HikariPool-1 - Start completed.
2023-03-04 07:20:00,490 INFO  [restartedMain] org.hibernate.dialect.Dialect:HHH000400: Using dialect: org.hibernate.dialect.PostgreSQL9Dialect
2023-03-04 07:20:02,187 INFO  [restartedMain] org.hibernate.engine.transaction.jta.platform.internal.JtaPlatformInitiator:HHH000490: Using JtaPlatform implementation: [org.hibernate.engine.transaction.jta.platform.internal.NoJtaPlatform]
2023-03-04 07:20:02,200 INFO  [restartedMain] org.springframework.orm.jpa.LocalContainerEntityManagerFactoryBean:Initialized JPA EntityManagerFactory for persistence unit 'default'
2023-03-04 07:20:03,005 DEBUG [restartedMain] com.safeandfast.security.jwt.AuthTokenFilter:Filter 'authTokenFilter' configured for use
2023-03-04 07:20:03,654 INFO  [restartedMain] org.springframework.security.web.DefaultSecurityFilterChain:Will secure any request with [org.springframework.security.web.session.DisableEncodeUrlFilter@712b6255, org.springframework.security.web.context.request.async.WebAsyncManagerIntegrationFilter@18543659, org.springframework.security.web.context.SecurityContextPersistenceFilter@42a26c9c, org.springframework.security.web.header.HeaderWriterFilter@6d6353fc, org.springframework.security.web.authentication.logout.LogoutFilter@1a299eac, com.safeandfast.security.jwt.AuthTokenFilter@79e7b44, org.springframework.security.web.savedrequest.RequestCacheAwareFilter@1b5353be, org.springframework.security.web.servletapi.SecurityContextHolderAwareRequestFilter@44acec24, org.springframework.security.web.authentication.AnonymousAuthenticationFilter@76c0fe5, org.springframework.security.web.session.SessionManagementFilter@5ede9bef, org.springframework.security.web.access.ExceptionTranslationFilter@3332101f, org.springframework.security.web.access.intercept.FilterSecurityInterceptor@1d9f5df0]
2023-03-04 07:20:03,862 WARN  [restartedMain] org.springframework.boot.autoconfigure.orm.jpa.JpaBaseConfiguration$JpaWebConfiguration:spring.jpa.open-in-view is enabled by default. Therefore, database queries may be performed during view rendering. Explicitly configure spring.jpa.open-in-view to disable this warning
2023-03-04 07:20:05,756 INFO  [restartedMain] org.springframework.boot.devtools.autoconfigure.OptionalLiveReloadServer:LiveReload server is running on port 35729
2023-03-04 07:20:05,767 INFO  [restartedMain] org.springframework.boot.actuate.endpoint.web.EndpointLinksResolver:Exposing 15 endpoint(s) beneath base path '/actuator'
2023-03-04 07:20:05,891 INFO  [restartedMain] org.springframework.boot.web.embedded.tomcat.TomcatWebServer:Tomcat started on port(s): 8080 (http) with context path ''
2023-03-04 07:20:05,917 INFO  [restartedMain] com.safeandfast.SafeandfastApplication:Started SafeandfastApplication in 15.094 seconds (JVM running for 17.078)
2023-03-04 07:20:06,596 INFO  [RMI TCP Connection(5)-192.168.1.35] org.apache.catalina.core.ContainerBase.[Tomcat].[localhost].[/]:Initializing Spring DispatcherServlet 'dispatcherServlet'
2023-03-04 10:01:35,622 WARN  [HikariPool-1 housekeeper] com.zaxxer.hikari.pool.HikariPool:HikariPool-1 - Thread starvation or clock leap detected (housekeeper delta=38m39s614ms953µs400ns).
2023-03-04 18:00:11,639 WARN  [HikariPool-1 housekeeper] com.zaxxer.hikari.pool.HikariPool:HikariPool-1 - Thread starvation or clock leap detected (housekeeper delta=5h36m9s773ms949µs200ns).
2023-03-04 20:35:38,500 WARN  [HikariPool-1 housekeeper] com.zaxxer.hikari.pool.HikariPool:HikariPool-1 - Thread starvation or clock leap detected (housekeeper delta=39m54s791ms221µs600ns).
2023-03-04 21:03:24,598 INFO  [SpringApplicationShutdownHook] org.springframework.orm.jpa.LocalContainerEntityManagerFactoryBean:Closing JPA EntityManagerFactory for persistence unit 'default'
2023-03-04 21:03:25,125 INFO  [SpringApplicationShutdownHook] com.zaxxer.hikari.HikariDataSource:HikariPool-1 - Shutdown initiated...
2023-03-04 21:03:25,199 INFO  [SpringApplicationShutdownHook] com.zaxxer.hikari.HikariDataSource:HikariPool-1 - Shutdown completed.
